<?xml version="1.0" encoding="UTF-8"?>
<!-- Generated by org.testng.reporters.JUnitXMLReporter -->
<testsuite hostname="CASTRINO-11" ignored="6" name="Test" tests="2" failures="0" timestamp="13 May 2021 14:21:43 GMT" time="0.077" errors="0">
  <testcase name="tc2" time="0.013" classname="org.testjava.Sample1"/>
  <testcase name="tc7" time="0.003" classname="org.testjava.Sample2"/>
  <testcase name="tc6" time="0.0" classname="org.testjava.Sample1">
    <ignored/>
  </testcase> <!-- tc6 -->
  <testcase name="tc8" time="0.0" classname="org.testjava.Sample2">
    <ignored/>
  </testcase> <!-- tc8 -->
  <testcase name="tc5" time="0.0" classname="org.testjava.Sample1">
    <ignored/>
  </testcase> <!-- tc5 -->
  <testcase name="tc9" time="0.0" classname="org.testjava.Sample2">
    <ignored/>
  </testcase> <!-- tc9 -->
  <testcase name="tc4" time="0.0" classname="org.testjava.Sample1">
    <ignored/>
  </testcase> <!-- tc4 -->
  <testcase name="tc3" time="0.0" classname="org.testjava.Sample1">
    <ignored/>
  </testcase> <!-- tc3 -->
</testsuite> <!-- Test -->
